#
# A fatal error has been detected by the Java Runtime Environment:
#
#  EXCEPTION_ACCESS_VIOLATION (0xc0000005) at pc=0x7378aa3d, pid=5716, tid=9672
#
# JRE version: Java(TM) SE Runtime Environment (8.0_66-b18) (build 1.8.0_66-b18)
# Java VM: Java HotSpot(TM) Client VM (25.66-b18 mixed mode windows-x86 )
# Problematic frame:
# V  [jvm.dll+0xcaa3d]
#
# Failed to write core dump. Minidumps are not enabled by default on client versions of Windows
#
# If you would like to submit a bug report, please visit:
#   http://bugreport.java.com/bugreport/crash.jsp
#

---------------  T H R E A D  ---------------

Current thread (0x140ba400):  JavaThread "JDWP Transport Listener: dt_socket" daemon [_thread_in_vm, id=9672, stack(0x14790000,0x147e0000)]

siginfo: ExceptionCode=0xc0000005, reading address 0x4d2f6c69

Registers:
EAX=0x4d2f6c69, EBX=0x00000000, ECX=0x4d2f6c69, EDX=0x00000000
ESP=0x147df9e8, EBP=0x147df9ec, ESI=0x140ba400, EDI=0x001a76c8
EIP=0x7378aa3d, EFLAGS=0x00010206

Top of Stack: (sp=0x147df9e8)
0x147df9e8:   140ba400 147dfa14 738e7914 4d2f6c69
0x147df9f8:   147dfacc 147dfa4f 140ba400 00000000
0x147dfa08:   00000000 00000000 140ba400 147dfa50
0x147dfa18:   72ec9f80 001a76c8 4d2f6c69 147dfa4f
0x147dfa28:   4d2f6c69 72eb436d 4d2f6c69 147dfa4f
0x147dfa38:   00000002 00000000 00000000 0000000a
0x147dfa48:   00000000 0007333c 147dfa70 72eb44e0
0x147dfa58:   00000001 147dfa8c 147dfac8 14eebe38 

Instructions: (pc=0x7378aa3d)
0x7378aa1d:   5d c3 52 e8 5b f9 ff ff 5d c3 cc cc cc cc cc cc
0x7378aa2d:   cc cc cc 55 8b ec 8b 45 08 85 c0 75 02 5d c3 56
0x7378aa3d:   8b 30 85 f6 74 17 83 fe 37 74 12 8b 06 8b 50 08
0x7378aa4d:   8b ce ff d2 84 c0 74 05 8b c6 5e 5d c3 33 c0 5e 


Register to memory mapping:

EAX=0x4d2f6c69 is an unknown value
EBX=0x00000000 is an unknown value
ECX=0x4d2f6c69 is an unknown value
EDX=0x00000000 is an unknown value
ESP=0x147df9e8 is pointing into the stack for thread: 0x140ba400
EBP=0x147df9ec is pointing into the stack for thread: 0x140ba400
ESI=0x140ba400 is a thread
EDI=0x001a76c8 is an unknown value


Stack: [0x14790000,0x147e0000],  sp=0x147df9e8,  free space=318k
Native frames: (J=compiled Java code, j=interpreted, Vv=VM code, C=native code)
V  [jvm.dll+0xcaa3d]
V  [jvm.dll+0x227914]
C  [jdwp.dll+0x19f80]
C  [jdwp.dll+0x44e0]
C  [jdwp.dll+0x451e]
C  0x0050f5ee


---------------  P R O C E S S  ---------------

Java Threads: ( => current thread )
  0x14e23800 JavaThread "ReaderThread" [_thread_in_native, id=6708, stack(0x14fb0000,0x15000000)]
  0x140efc00 JavaThread "Service Thread" daemon [_thread_blocked, id=8952, stack(0x14a60000,0x14ab0000)]
  0x140ca800 JavaThread "C1 CompilerThread0" daemon [_thread_blocked, id=9768, stack(0x14b10000,0x14b60000)]
  0x140bd000 JavaThread "JDWP Command Reader" daemon [_thread_in_native, id=6860, stack(0x149c0000,0x14a10000)]
  0x140bc000 JavaThread "JDWP Event Helper Thread" daemon [_thread_blocked, id=8768, stack(0x14800000,0x14850000)]
=>0x140ba400 JavaThread "JDWP Transport Listener: dt_socket" daemon [_thread_in_vm, id=9672, stack(0x14790000,0x147e0000)]
  0x140ab400 JavaThread "Attach Listener" daemon [_thread_blocked, id=3324, stack(0x144e0000,0x14530000)]
  0x140a9800 JavaThread "Signal Dispatcher" daemon [_thread_blocked, id=7000, stack(0x14480000,0x144d0000)]
  0x14079c00 JavaThread "Finalizer" daemon [_thread_blocked, id=8704, stack(0x14530000,0x14580000)]
  0x14074000 JavaThread "Reference Handler" daemon [_thread_blocked, id=9332, stack(0x14420000,0x14470000)]
  0x001af400 JavaThread "main" [_thread_blocked, id=9816, stack(0x003c0000,0x00410000)]

Other Threads:
  0x1406fc00 VMThread [stack: 0x14340000,0x14390000] [id=8888]
  0x140f5000 WatcherThread [stack: 0x143b0000,0x14400000] [id=5120]

VM state:not at safepoint (normal execution)

VM Mutex/Monitor currently owned by a thread: None

Heap:
 def new generation   total 4928K, used 1196K [0x03c00000, 0x04150000, 0x09150000)
  eden space 4416K,  15% used [0x03c00000, 0x03cab040, 0x04050000)
  from space 512K, 100% used [0x040d0000, 0x04150000, 0x04150000)
  to   space 512K,   0% used [0x04050000, 0x04050000, 0x040d0000)
 tenured generation   total 10944K, used 2679K [0x09150000, 0x09c00000, 0x13c00000)
   the space 10944K,  24% used [0x09150000, 0x093edf18, 0x093ee000, 0x09c00000)
 Metaspace       used 5116K, capacity 5135K, committed 5248K, reserved 5504K

Card table byte_map: [0x03b40000,0x03bd0000] byte_map_base: 0x03b22000

Polling page: 0x00120000

CodeCache: size=32768Kb used=1021Kb max_used=1021Kb free=31746Kb
 bounds [0x01b40000, 0x01c40000, 0x03b40000]
 total_blobs=378 nmethods=217 adapters=100
 compilation: enabled

Compilation events (10 events):
Event: 1.055 Thread 0x140ca800  212             java.util.WeakHashMap::maskNull (12 bytes)
Event: 1.055 Thread 0x140ca800 nmethod 212 0x01c3de08 code [0x01c3df00, 0x01c3df80]
Event: 1.055 Thread 0x140ca800  213             java.util.WeakHashMap::hash (28 bytes)
Event: 1.055 Thread 0x140ca800 nmethod 213 0x01c3dfc8 code [0x01c3e0d0, 0x01c3e18c]
Event: 1.055 Thread 0x140ca800  214             java.util.WeakHashMap::getTable (9 bytes)
Event: 1.055 Thread 0x140ca800 nmethod 214 0x01c3e208 code [0x01c3e300, 0x01c3e39c]
Event: 1.055 Thread 0x140ca800  215   !         java.util.WeakHashMap::expungeStaleEntries (139 bytes)
Event: 1.056 Thread 0x140ca800 nmethod 215 0x01c3e408 code [0x01c3e550, 0x01c3eacc]
Event: 1.056 Thread 0x140ca800  216             java.util.WeakHashMap::indexFor (6 bytes)
Event: 1.056 Thread 0x140ca800 nmethod 216 0x01c3f048 code [0x01c3f140, 0x01c3f1b0]

GC Heap History (6 events):
Event: 0.658 GC heap before
{Heap before GC invocations=0 (full 0):
 def new generation   total 4928K, used 4416K [0x03c00000, 0x04150000, 0x09150000)
  eden space 4416K, 100% used [0x03c00000, 0x04050000, 0x04050000)
  from space 512K,   0% used [0x04050000, 0x04050000, 0x040d0000)
  to   space 512K,   0% used [0x040d0000, 0x040d0000, 0x04150000)
 tenured generation   total 10944K, used 0K [0x09150000, 0x09c00000, 0x13c00000)
   the space 10944K,   0% used [0x09150000, 0x09150000, 0x09150200, 0x09c00000)
 Metaspace       used 2481K, capacity 2570K, committed 2624K, reserved 4480K
Event: 0.660 GC heap after
Heap after GC invocations=1 (full 0):
 def new generation   total 4928K, used 512K [0x03c00000, 0x04150000, 0x09150000)
  eden space 4416K,   0% used [0x03c00000, 0x03c00000, 0x04050000)
  from space 512K, 100% used [0x040d0000, 0x04150000, 0x04150000)
  to   space 512K,   0% used [0x04050000, 0x04050000, 0x040d0000)
 tenured generation   total 10944K, used 691K [0x09150000, 0x09c00000, 0x13c00000)
   the space 10944K,   6% used [0x09150000, 0x091fcdd0, 0x091fce00, 0x09c00000)
 Metaspace       used 2481K, capacity 2570K, committed 2624K, reserved 4480K
}
Event: 0.866 GC heap before
{Heap before GC invocations=1 (full 0):
 def new generation   total 4928K, used 4928K [0x03c00000, 0x04150000, 0x09150000)
  eden space 4416K, 100% used [0x03c00000, 0x04050000, 0x04050000)
  from space 512K, 100% used [0x040d0000, 0x04150000, 0x04150000)
  to   space 512K,   0% used [0x04050000, 0x04050000, 0x040d0000)
 tenured generation   total 10944K, used 691K [0x09150000, 0x09c00000, 0x13c00000)
   the space 10944K,   6% used [0x09150000, 0x091fcdd0, 0x091fce00, 0x09c00000)
 Metaspace       used 4314K, capacity 4332K, committed 4416K, reserved 4480K
Event: 0.869 GC heap after
Heap after GC invocations=2 (full 0):
 def new generation   total 4928K, used 512K [0x03c00000, 0x04150000, 0x09150000)
  eden space 4416K,   0% used [0x03c00000, 0x03c00000, 0x04050000)
  from space 512K, 100% used [0x04050000, 0x040d0000, 0x040d0000)
  to   space 512K,   0% used [0x040d0000, 0x040d0000, 0x04150000)
 tenured generation   total 10944K, used 1813K [0x09150000, 0x09c00000, 0x13c00000)
   the space 10944K,  16% used [0x09150000, 0x09315450, 0x09315600, 0x09c00000)
 Metaspace       used 4314K, capacity 4332K, committed 4416K, reserved 4480K
}
Event: 1.035 GC heap before
{Heap before GC invocations=2 (full 0):
 def new generation   total 4928K, used 4928K [0x03c00000, 0x04150000, 0x09150000)
  eden space 4416K, 100% used [0x03c00000, 0x04050000, 0x04050000)
  from space 512K, 100% used [0x04050000, 0x040d0000, 0x040d0000)
  to   space 512K,   0% used [0x040d0000, 0x040d0000, 0x04150000)
 tenured generation   total 10944K, used 1813K [0x09150000, 0x09c00000, 0x13c00000)
   the space 10944K,  16% used [0x09150000, 0x09315450, 0x09315600, 0x09c00000)
 Metaspace       used 5035K, capacity 5068K, committed 5120K, reserved 5504K
Event: 1.038 GC heap after
Heap after GC invocations=3 (full 0):
 def new generation   total 4928K, used 512K [0x03c00000, 0x04150000, 0x09150000)
  eden space 4416K,   0% used [0x03c00000, 0x03c00000, 0x04050000)
  from space 512K, 100% used [0x040d0000, 0x04150000, 0x04150000)
  to   space 512K,   0% used [0x04050000, 0x04050000, 0x040d0000)
 tenured generation   total 10944K, used 2679K [0x09150000, 0x09c00000, 0x13c00000)
   the space 10944K,  24% used [0x09150000, 0x093edf18, 0x093ee000, 0x09c00000)
 Metaspace       used 5035K, capacity 5068K, committed 5120K, reserved 5504K
}

Deoptimization events (0 events):
No events

Internal exceptions (10 events):
Event: 0.618 Thread 0x001af400 Exception <a 'java/security/PrivilegedActionException'> (0x03f0fd30) thrown at [C:\re\workspace\8-2-build-windows-i586-cygwin\jdk8u66\5298\hotspot\src\share\vm\prims\jvm.cpp, line 1386]
Event: 0.618 Thread 0x001af400 Exception <a 'java/security/PrivilegedActionException'> (0x03f0ff30) thrown at [C:\re\workspace\8-2-build-windows-i586-cygwin\jdk8u66\5298\hotspot\src\share\vm\prims\jvm.cpp, line 1386]
Event: 0.618 Thread 0x001af400 Exception <a 'java/security/PrivilegedActionException'> (0x03f10db0) thrown at [C:\re\workspace\8-2-build-windows-i586-cygwin\jdk8u66\5298\hotspot\src\share\vm\prims\jvm.cpp, line 1386]
Event: 0.618 Thread 0x001af400 Exception <a 'java/security/PrivilegedActionException'> (0x03f10fb0) thrown at [C:\re\workspace\8-2-build-windows-i586-cygwin\jdk8u66\5298\hotspot\src\share\vm\prims\jvm.cpp, line 1386]
Event: 0.620 Thread 0x001af400 Exception <a 'java/security/PrivilegedActionException'> (0x03f18140) thrown at [C:\re\workspace\8-2-build-windows-i586-cygwin\jdk8u66\5298\hotspot\src\share\vm\prims\jvm.cpp, line 1386]
Event: 0.620 Thread 0x001af400 Exception <a 'java/security/PrivilegedActionException'> (0x03f18340) thrown at [C:\re\workspace\8-2-build-windows-i586-cygwin\jdk8u66\5298\hotspot\src\share\vm\prims\jvm.cpp, line 1386]
Event: 0.840 Thread 0x001af400 Exception <a 'java/lang/ArrayIndexOutOfBoundsException'> (0x03f2ccc0) thrown at [C:\re\workspace\8-2-build-windows-i586-cygwin\jdk8u66\5298\hotspot\src\share\vm\runtime\sharedRuntime.cpp, line 605]
Event: 0.840 Thread 0x001af400 Exception <a 'java/lang/ArrayIndexOutOfBoundsException'> (0x03f2d7e8) thrown at [C:\re\workspace\8-2-build-windows-i586-cygwin\jdk8u66\5298\hotspot\src\share\vm\runtime\sharedRuntime.cpp, line 605]
Event: 1.014 Thread 0x001af400 Exception <a 'java/lang/ArrayIndexOutOfBoundsException'> (0x03fb7f58) thrown at [C:\re\workspace\8-2-build-windows-i586-cygwin\jdk8u66\5298\hotspot\src\share\vm\runtime\sharedRuntime.cpp, line 605]
Event: 1.015 Thread 0x001af400 Exception <a 'java/lang/ArrayIndexOutOfBoundsException'> (0x03fbce38) thrown at [C:\re\workspace\8-2-build-windows-i586-cygwin\jdk8u66\5298\hotspot\src\share\vm\runtime\sharedRuntime.cpp, line 605]

Events (10 events):
Event: 333.702 Executing VM operation: ChangeBreakpoints
Event: 333.702 Executing VM operation: ChangeBreakpoints done
Event: 333.722 Executing VM operation: RedefineClasses
Event: 333.723 Executing VM operation: RedefineClasses done
Event: 333.763 Executing VM operation: ChangeBreakpoints
Event: 333.763 Executing VM operation: ChangeBreakpoints done
Event: 333.777 Executing VM operation: ChangeBreakpoints
Event: 333.777 Executing VM operation: ChangeBreakpoints done
Event: 384.278 Executing VM operation: RedefineClasses
Event: 384.278 Executing VM operation: RedefineClasses done


Dynamic libraries:
0x00330000 - 0x00363000 	C:\Program Files\Jenkins\jre\bin\javaw.exe
0x77c80000 - 0x77dbc000 	C:\Windows\SYSTEM32\ntdll.dll
0x779f0000 - 0x77ac4000 	C:\Windows\system32\kernel32.dll
0x75e70000 - 0x75eba000 	C:\Windows\system32\KERNELBASE.dll
0x77ad0000 - 0x77b70000 	C:\Windows\system32\ADVAPI32.dll
0x77940000 - 0x779ec000 	C:\Windows\system32\msvcrt.dll
0x762c0000 - 0x762d9000 	C:\Windows\SYSTEM32\sechost.dll
0x77890000 - 0x77931000 	C:\Windows\system32\RPCRT4.dll
0x777c0000 - 0x77889000 	C:\Windows\system32\USER32.dll
0x77b70000 - 0x77bbe000 	C:\Windows\system32\GDI32.dll
0x76340000 - 0x7634a000 	C:\Windows\system32\LPK.dll
0x77bc0000 - 0x77c5d000 	C:\Windows\system32\USP10.dll
0x74e40000 - 0x74fde000 	C:\Windows\WinSxS\x86_microsoft.windows.common-controls_6595b64144ccf1df_6.0.7601.17514_none_41e6975e2bd6f2b2\COMCTL32.dll
0x77dd0000 - 0x77e27000 	C:\Windows\system32\SHLWAPI.dll
0x77c60000 - 0x77c7f000 	C:\Windows\system32\IMM32.DLL
0x76350000 - 0x7641c000 	C:\Windows\system32\MSCTF.dll
0x73a90000 - 0x73b4f000 	C:\Program Files\Jenkins\jre\bin\msvcr100.dll
0x736c0000 - 0x73a85000 	C:\Program Files\Jenkins\jre\bin\client\jvm.dll
0x6ce20000 - 0x6ce27000 	C:\Windows\system32\WSOCK32.dll
0x76940000 - 0x76975000 	C:\Windows\system32\WS2_32.dll
0x76980000 - 0x76986000 	C:\Windows\system32\NSI.dll
0x743b0000 - 0x743e2000 	C:\Windows\system32\WINMM.dll
0x752d0000 - 0x752d9000 	C:\Windows\system32\VERSION.dll
0x77dc0000 - 0x77dc5000 	C:\Windows\system32\PSAPI.DLL
0x745b0000 - 0x745bc000 	C:\Program Files\Jenkins\jre\bin\verify.dll
0x74490000 - 0x744b1000 	C:\Program Files\Jenkins\jre\bin\java.dll
0x72eb0000 - 0x72ed9000 	C:\Program Files\Jenkins\jre\bin\jdwp.dll
0x73c30000 - 0x73c37000 	C:\Program Files\Jenkins\jre\bin\npt.dll
0x736a0000 - 0x736b3000 	C:\Program Files\Jenkins\jre\bin\zip.dll
0x76a30000 - 0x7767a000 	C:\Windows\system32\SHELL32.dll
0x760d0000 - 0x7622c000 	C:\Windows\system32\ole32.dll
0x75dd0000 - 0x75ddb000 	C:\Windows\system32\profapi.dll
0x72f60000 - 0x72f68000 	C:\Program Files\Jenkins\jre\bin\dt_socket.dll
0x742c0000 - 0x742d0000 	C:\Windows\system32\NLAapi.dll
0x72a00000 - 0x72a10000 	C:\Windows\system32\napinsp.dll
0x62570000 - 0x62582000 	C:\Windows\system32\pnrpnsp.dll
0x75800000 - 0x7583c000 	C:\Windows\System32\mswsock.dll
0x75630000 - 0x75674000 	C:\Windows\system32\DNSAPI.dll
0x62620000 - 0x62628000 	C:\Windows\System32\winrnr.dll
0x74150000 - 0x7416c000 	C:\Windows\system32\IPHLPAPI.DLL
0x74130000 - 0x74137000 	C:\Windows\system32\WINNSI.DLL
0x74030000 - 0x74068000 	C:\Windows\System32\fwpuclnt.dll
0x6e530000 - 0x6e536000 	C:\Windows\system32\rasadhlp.dll
0x75360000 - 0x75365000 	C:\Windows\System32\wshtcpip.dll
0x72bc0000 - 0x72bd6000 	C:\Program Files\Jenkins\jre\bin\net.dll
0x759d0000 - 0x759d6000 	C:\Windows\System32\wship6.dll
0x75840000 - 0x75856000 	C:\Windows\system32\CRYPTSP.dll
0x75580000 - 0x755bb000 	C:\Windows\system32\rsaenh.dll
0x75430000 - 0x75447000 	C:\Windows\system32\USERENV.dll
0x75d20000 - 0x75d2c000 	C:\Windows\system32\CRYPTBASE.dll
0x74010000 - 0x7401d000 	C:\Windows\system32\dhcpcsvc6.DLL
0x73f90000 - 0x73fa2000 	C:\Windows\system32\dhcpcsvc.DLL
0x72bb0000 - 0x72bbf000 	C:\Program Files\Jenkins\jre\bin\nio.dll
0x6bae0000 - 0x6bbcb000 	C:\Windows\system32\dbghelp.dll

VM Arguments:
jvm_args: -agentlib:jdwp=transport=dt_socket,suspend=y,address=localhost:61874 -ea -Dfile.encoding=Cp1252 
java_command: org.testng.remote.RemoteTestNG -serport 61873 -protocol json -d C:\Users\Temp\workspace\LeadReportPOM\test-output C:\Users\Temp\AppData\Local\Temp\testng-eclipse-1573802017\testng-customsuite.xml
java_class_path (initial): C:\Users\Temp\.p2\pool\plugins\org.testng.eclipse_6.11.0.201703011520\lib\testng-remote.jar;C:\Users\Temp\workspace\LeadReportPOM\target\test-classes;C:\Users\Temp\workspace\LeadReportPOM\target\classes;C:\Users\Temp\.m2\repository\commons-io\commons-io\1.3.2\commons-io-1.3.2.jar;C:\Users\Temp\.m2\repository\com\relevantcodes\extentreports\2.41.2\extentreports-2.41.2.jar;C:\Users\Temp\.m2\repository\org\jsoup\jsoup\1.8.3\jsoup-1.8.3.jar;C:\Users\Temp\.m2\repository\org\xerial\sqlite-jdbc\3.8.11.1\sqlite-jdbc-3.8.11.1.jar;C:\Users\Temp\.m2\repository\org\freemarker\freemarker\2.3.23\freemarker-2.3.23.jar;C:\Users\Temp\.m2\repository\org\mongodb\mongodb-driver\3.0.4\mongodb-driver-3.0.4.jar;C:\Users\Temp\.m2\repository\org\mongodb\bson\3.0.4\bson-3.0.4.jar;C:\Users\Temp\.m2\repository\org\mongodb\mongodb-driver-core\3.0.4\mongodb-driver-core-3.0.4.jar;C:\Users\Temp\.m2\repository\org\testng\testng\6.9.10\testng-6.9.10.jar;C:\Users\Temp\.m2\repository\com\beust\jcommander\1.48\jcommander-1.48.jar;C:\Users\Temp\.m2\repository\org\beanshell\bsh\2.0b4\bsh-2.0b4.jar;C:\Users\Temp\.m2\repository\org\seleniumhq\selenium\selenium-support\3.0.1\selenium-support-3.0.1.jar;C:\Users\Temp\.m2\repository\org\seleniumhq\selenium\selenium-remote-driver\3.0.1\selenium-remote-driver-3.0.1.jar;C:\Users\Temp\.m2\repository\org\seleniumhq\selenium\selenium-api\3.0.1\selenium-api-3.0.1.jar;C:\Users\Temp\.m2\repository\cglib\cglib-nodep\3.2.4\cglib-nodep-3.2.4.jar;C:\Users\Temp\.m2\repository\org\apache\commons\commons-exec\1.3\commons-exec-1.3.jar;C:\Users\Temp\.m2\repository\com\google\guava\guava\19.0\guava-19.0.jar;C:\Users\Temp\.m2\repository\net\java\dev\jna\jna-platform\4.1.0\jna-platform-4.1.0.jar;C:\Users\Temp\.m2\repository\net\java\dev\jna\jna\4.1.0\jna-4.1.0.jar;C:\Users\Temp\.m2\repository\junit\junit\4.12\junit-4.12.jar;C:\Users\Temp\.m2\repository\org\hamcrest\hamcrest-core\1.3\hamcrest-core-1.3.jar;C:\Users\Temp\.m2\repository\org\seleniumhq\sele
Launcher Type: SUN_STANDARD

Environment Variables:
JAVA_HOME=C:\Program Files\Java\jdk1.8.0_131\bin
PATH=C:/Program Files/Java/jre1.8.0_131/bin/client;C:/Program Files/Java/jre1.8.0_131/bin;C:/Program Files/Java/jre1.8.0_131/lib/i386;C:\ProgramData\Oracle\Java\javapath;C:\Windows\system32;C:\Windows;C:\Windows\system32\wbem;C:\Windows\System32\WindowsPowerShell\v1.0;C:\Program Files\Intel\OpenCL SDK\2.0\bin\x86;C:\Program Files\TortoiseSVN\bin;C:\Program Files\VisualSVN Server\bin;C:\Program Files\nodejs\;C:\Program Files\Apache Software Foundation\Tomcat 7.0\bin;C:\Program Files\Apache Software Foundation\Tomcat 7.0\lib\servlet-api.jar;C:\Program Files\Git\cmd;C:\Program Files\Jenkins\jre\bin;C:\Program Files\Apache Software Foundation\Tomcat 7.0\lib\servlet-api.jar;C:\Program Files\Apache Software Foundation\Tomcat 7.0\lib\servlet-api.jar;C:\Program Files\Apache Software Foundation\Tomcat 7.0\bin;C:\Users\Temp\AppData\Roaming\npm;C:\Users\Temp\AppData\Roaming\Microsoft\Windows\Start Menu\Programs\Eclipse;
USERNAME=Temp
OS=Windows_NT
PROCESSOR_IDENTIFIER=x86 Family 6 Model 58 Stepping 9, GenuineIntel



---------------  S Y S T E M  ---------------

OS: Windows 7 Build 7601 (6.1.7601.17514)

CPU:total 2 (2 cores per cpu, 1 threads per core) family 6 model 58 stepping 9, cmov, cx8, fxsr, mmx, sse, sse2, sse3, ssse3, sse4.1, sse4.2, popcnt, clmul, erms, tsc, tscinvbit, tscinv

Memory: 4k page, physical 3496572k(651092k free), swap 54694816k(50209876k free)

vm_info: Java HotSpot(TM) Client VM (25.66-b18) for windows-x86 JRE (1.8.0_66-b18), built on Nov  9 2015 10:58:29 by "java_re" with MS VC++ 10.0 (VS2010)

time: Tue Oct 10 18:09:32 2017
elapsed time: 384 seconds (0d 0h 6m 24s)

